SF:lib/core/common/widgets/app.dart
DA:6,0
DA:10,0
DA:12,0
DA:13,0
DA:15,0
DA:17,0
DA:19,0
DA:27,0
DA:29,0
DA:31,0
LF:10
LH:0
end_of_record
SF:lib/core/common/widgets/button.dart
DA:6,0
DA:11,0
DA:13,0
DA:14,0
DA:15,0
LF:5
LH:0
end_of_record
SF:lib/core/common/widgets/circular_progress_indicator.dart
DA:6,1
DA:8,0
DA:10,0
DA:11,0
LF:4
LH:1
end_of_record
SF:lib/core/common/widgets/list_tile.dart
DA:12,0
DA:21,0
DA:23,0
DA:24,0
DA:25,0
DA:26,0
DA:27,0
DA:28,0
DA:29,0
DA:31,0
DA:32,0
DA:33,0
DA:34,0
DA:35,0
DA:36,0
LF:15
LH:0
end_of_record
SF:lib/core/common/widgets/network_image.dart
DA:12,0
DA:20,0
DA:22,0
DA:23,0
DA:24,0
DA:25,0
DA:26,0
DA:27,0
DA:28,0
DA:29,0
DA:30,0
DA:31,0
DA:38,0
DA:40,0
DA:41,0
LF:15
LH:0
end_of_record
SF:lib/core/common/widgets/scaffold.dart
DA:8,0
DA:10,0
DA:12,0
DA:13,0
DA:14,0
DA:15,0
DA:17,0
DA:21,0
DA:22,0
DA:23,0
DA:28,0
DA:29,0
DA:30,0
LF:13
LH:0
end_of_record
SF:lib/core/common/widgets/textfield.dart
DA:6,0
DA:11,0
DA:13,0
DA:14,0
DA:15,0
DA:19,0
DA:20,0
DA:21,0
DA:22,0
DA:24,0
DA:26,0
DA:27,0
DA:28,0
DA:29,0
DA:32,0
DA:35,0
LF:16
LH:0
end_of_record
SF:lib/core/error/failure.dart
DA:3,1
LF:1
LH:1
end_of_record
SF:lib/features/breed/data/datasources/cat_api_datasource_impl.dart
DA:12,1
DA:14,1
DA:16,2
DA:17,0
DA:21,3
DA:23,2
DA:24,1
DA:25,1
DA:26,2
DA:27,1
DA:29,0
DA:30,0
DA:34,3
DA:38,1
DA:43,2
DA:44,0
DA:48,2
DA:50,1
DA:53,2
DA:54,1
DA:55,4
DA:56,2
DA:57,1
DA:59,0
DA:60,0
DA:64,3
DA:68,1
DA:71,2
DA:73,1
DA:76,2
DA:77,1
DA:78,4
DA:79,1
DA:81,0
DA:82,0
DA:86,3
LF:36
LH:28
end_of_record
SF:lib/features/breed/data/models/breed_model.dart
DA:5,1
DA:25,1
DA:26,1
DA:27,1
DA:28,1
DA:29,1
DA:30,1
DA:31,1
DA:32,1
DA:33,2
DA:34,1
DA:35,2
DA:36,2
DA:37,2
DA:38,2
DA:39,2
DA:40,2
DA:41,1
DA:42,1
DA:43,2
LF:20
LH:20
end_of_record
SF:lib/features/breed/domain/entities/breed.dart
DA:24,1
DA:44,0
DA:45,0
DA:46,0
DA:47,0
DA:48,0
DA:49,0
DA:50,0
DA:51,0
DA:52,0
DA:53,0
DA:54,0
DA:55,0
DA:56,0
DA:57,0
DA:58,0
DA:59,0
DA:60,0
DA:61,0
DA:62,0
LF:20
LH:1
end_of_record
SF:lib/features/breed/data/models/picture_model.dart
DA:4,1
DA:6,1
DA:7,3
LF:3
LH:3
end_of_record
SF:lib/features/breed/data/models/weight_model.dart
DA:4,1
DA:6,1
DA:7,1
DA:8,1
DA:9,1
LF:5
LH:5
end_of_record
SF:lib/features/breed/domain/entities/image.dart
DA:5,1
LF:1
LH:1
end_of_record
SF:lib/features/breed/domain/entities/weight.dart
DA:5,1
LF:1
LH:1
end_of_record
SF:lib/features/breed/data/repositories/cat_repository_impl.dart
DA:8,0
DA:10,0
DA:15,0
DA:16,0
DA:19,0
DA:21,0
DA:22,0
DA:25,0
DA:27,0
DA:28,0
LF:10
LH:0
end_of_record
SF:lib/features/breed/domain/usecases/get_breeds_by_query.dart
DA:8,0
DA:9,0
DA:11,0
LF:3
LH:0
end_of_record
SF:lib/features/breed/domain/usecases/get_paginated_breeds.dart
DA:9,0
DA:11,0
DA:13,0
DA:21,0
LF:4
LH:0
end_of_record
SF:lib/features/breed/domain/usecases/get_picture_by_id.dart
DA:9,0
DA:11,0
DA:13,0
LF:3
LH:0
end_of_record
SF:lib/features/breed/presentation/bloc/breed/breed_bloc.dart
DA:14,0
DA:15,0
DA:16,0
DA:20,0
DA:21,0
DA:22,0
DA:30,0
DA:31,0
DA:32,0
DA:33,0
DA:34,0
DA:36,0
DA:37,0
DA:38,0
DA:42,0
DA:43,0
DA:45,0
DA:46,0
DA:49,0
DA:50,0
DA:53,0
DA:54,0
DA:55,0
DA:56,0
DA:57,0
DA:60,0
DA:61,0
DA:63,0
DA:64,0
DA:67,0
DA:74,0
DA:75,0
DA:77,0
DA:78,0
DA:79,0
DA:83,0
DA:85,0
DA:86,0
DA:87,0
DA:88,0
DA:89,0
LF:41
LH:0
end_of_record
SF:lib/features/breed/presentation/bloc/breed/breed_event.dart
DA:4,0
DA:6,0
DA:7,0
DA:15,0
DA:17,0
DA:18,0
LF:6
LH:0
end_of_record
SF:lib/features/breed/presentation/bloc/breed/breed_state.dart
DA:6,0
DA:16,0
DA:21,0
DA:22,0
DA:23,0
DA:24,0
DA:28,0
DA:29,0
LF:8
LH:0
end_of_record
SF:lib/features/breed/presentation/bloc/picture/picture_event.dart
DA:4,0
DA:6,0
DA:7,0
DA:13,0
DA:15,0
DA:16,0
LF:6
LH:0
end_of_record
SF:lib/features/breed/presentation/bloc/picture/picture_bloc.dart
DA:12,0
DA:13,0
DA:16,0
DA:17,0
DA:18,0
DA:22,0
DA:23,0
DA:24,0
DA:25,0
DA:26,0
DA:27,0
DA:28,0
DA:29,0
LF:13
LH:0
end_of_record
SF:lib/features/breed/presentation/bloc/picture/picture_state.dart
DA:6,0
DA:14,0
DA:18,0
DA:19,0
DA:24,0
DA:25,0
LF:6
LH:0
end_of_record
SF:lib/features/breed/presentation/pages/detail_page.dart
DA:10,0
DA:14,0
DA:16,0
DA:17,0
DA:18,0
DA:19,0
DA:20,0
DA:22,0
DA:23,0
DA:25,0
DA:26,0
DA:27,0
DA:28,0
DA:30,0
DA:32,0
DA:40,0
DA:41,0
DA:43,0
DA:44,0
DA:45,0
DA:46,0
DA:47,0
DA:56,0
DA:58,0
DA:60,0
DA:62,0
DA:65,0
DA:67,0
DA:70,0
DA:72,0
DA:74,0
DA:76,0
DA:79,0
DA:81,0
DA:84,0
DA:86,0
DA:89,0
DA:91,0
DA:94,0
DA:96,0
DA:99,0
DA:101,0
DA:104,0
DA:106,0
DA:109,0
DA:111,0
DA:112,0
DA:113,0
DA:114,0
DA:117,0
DA:119,0
DA:126,0
DA:128,0
DA:131,0
DA:132,0
DA:133,0
DA:134,0
LF:57
LH:0
end_of_record
SF:lib/features/breed/presentation/pages/home_page.dart
DA:9,0
DA:11,0
DA:12,0
DA:19,0
DA:21,0
DA:22,0
DA:25,0
DA:27,0
DA:29,0
DA:30,0
DA:31,0
DA:32,0
DA:34,0
DA:35,0
DA:36,0
DA:39,0
DA:40,0
DA:41,0
DA:42,0
DA:43,0
DA:45,0
DA:49,0
DA:50,0
DA:54,0
DA:55,0
DA:56,0
DA:57,0
DA:59,0
DA:70,0
DA:72,0
DA:73,0
DA:74,0
DA:77,0
DA:78,0
DA:79,0
DA:83,0
DA:84,0
DA:85,0
DA:87,0
DA:91,0
DA:92,0
DA:93,0
DA:94,0
DA:95,0
LF:44
LH:0
end_of_record
SF:lib/features/breed/presentation/pages/splash_page.dart
DA:12,0
DA:14,0
DA:16,0
DA:17,0
DA:18,0
DA:19,0
DA:20,0
DA:23,0
DA:26,0
DA:27,0
DA:29,0
DA:32,0
DA:33,0
DA:39,0
DA:40,0
DA:42,0
LF:16
LH:0
end_of_record
SF:lib/features/breed/presentation/widgets/card.dart
DA:13,0
DA:16,0
DA:17,0
DA:21,0
DA:23,0
DA:24,0
DA:27,0
DA:29,0
DA:31,0
DA:32,0
DA:33,0
DA:34,0
DA:35,0
DA:36,0
DA:38,0
DA:39,0
DA:40,0
DA:41,0
DA:42,0
DA:44,0
DA:51,0
DA:60,0
DA:64,0
DA:72,0
DA:73,0
DA:74,0
DA:91,0
DA:95,0
DA:103,0
DA:105,0
DA:106,0
DA:107,0
DA:109,0
DA:110,0
DA:117,0
DA:118,0
DA:128,0
DA:129,0
DA:131,0
DA:132,0
DA:139,0
DA:140,0
LF:42
LH:0
end_of_record
SF:lib/features/breed/presentation/widgets/tag.dart
DA:4,0
DA:8,0
DA:10,0
DA:11,0
DA:12,0
DA:14,0
DA:16,0
LF:7
LH:0
end_of_record
SF:lib/features/breed/presentation/widgets/tile.dart
DA:4,0
DA:9,0
DA:11,0
DA:13,0
DA:14,0
DA:15,0
DA:16,0
LF:7
LH:0
end_of_record
