SF:lib/core/widgets/app.dart
DA:6,0
DA:10,0
DA:12,0
DA:13,0
DA:15,0
DA:27,0
DA:29,0
DA:31,0
LF:8
LH:0
end_of_record
SF:lib/core/widgets/listtile.dart
DA:12,0
DA:21,0
DA:23,0
DA:24,0
DA:25,0
DA:26,0
DA:27,0
DA:28,0
DA:29,0
DA:31,0
DA:32,0
DA:33,0
DA:34,0
DA:35,0
DA:36,0
LF:15
LH:0
end_of_record
SF:lib/core/widgets/network_image.dart
DA:14,0
DA:22,0
DA:24,0
DA:25,0
DA:26,0
DA:27,0
DA:28,0
DA:29,0
DA:30,0
DA:31,0
DA:35,0
DA:37,0
DA:38,0
LF:13
LH:0
end_of_record
SF:lib/core/widgets/progress.dart
DA:6,0
DA:8,0
DA:10,0
DA:11,0
LF:4
LH:0
end_of_record
SF:lib/core/widgets/scaffold.dart
DA:8,0
DA:10,0
DA:12,0
DA:13,0
DA:14,0
DA:15,0
DA:17,0
DA:21,0
DA:22,0
DA:23,0
DA:28,0
DA:29,0
DA:30,0
LF:13
LH:0
end_of_record
SF:lib/core/widgets/textfield.dart
DA:6,0
DA:19,0
DA:21,0
DA:22,0
DA:23,0
DA:24,0
DA:25,0
DA:26,0
DA:27,0
DA:28,0
DA:29,0
DA:31,0
DA:33,0
DA:34,0
DA:35,0
DA:36,0
DA:37,0
DA:38,0
DA:39,0
DA:40,0
DA:44,0
LF:21
LH:0
end_of_record
SF:lib/features/cat_breeds/presentation/widgets/placeholder.dart
DA:7,0
DA:9,0
DA:11,0
DA:13,0
DA:14,0
LF:5
LH:0
end_of_record
SF:lib/features/cat_breeds/data/datasources/impl/cat_datasource_impl.dart
DA:9,0
DA:12,0
DA:14,0
DA:17,0
DA:20,0
DA:22,0
DA:23,0
DA:24,0
DA:25,0
DA:30,0
DA:32,0
DA:35,0
DA:38,0
DA:40,0
DA:41,0
DA:42,0
DA:43,0
LF:17
LH:0
end_of_record
SF:lib/features/cat_breeds/data/datasources/mock/cat_datasource_mock_error_impl.dart
DA:4,1
DA:6,1
DA:7,1
DA:10,1
DA:12,1
DA:13,1
LF:6
LH:6
end_of_record
SF:lib/features/cat_breeds/data/datasources/mock/cat_datasource_mock_impl.dart
DA:243,2
DA:245,2
DA:246,2
DA:247,6
DA:251,2
DA:253,2
DA:254,2
DA:255,6
LF:8
LH:8
end_of_record
SF:lib/features/cat_breeds/data/mappers/cat_breed_mapper.dart
DA:9,1
DA:10,1
DA:11,1
DA:12,1
DA:13,1
DA:14,1
DA:15,1
DA:16,1
DA:17,2
DA:18,1
DA:19,1
DA:20,1
DA:21,1
DA:22,1
DA:23,1
DA:24,1
DA:25,1
DA:26,1
DA:27,2
DA:33,1
DA:34,3
DA:39,1
DA:40,3
LF:23
LH:23
end_of_record
SF:lib/features/cat_breeds/data/models/cat_breed_model.dart
DA:4,3
DA:42,3
DA:43,3
DA:44,3
DA:45,3
DA:46,3
DA:47,3
DA:48,3
DA:49,3
DA:50,6
DA:51,3
DA:52,3
DA:53,3
DA:54,3
DA:55,3
DA:56,3
DA:57,3
DA:58,3
DA:59,3
DA:60,3
DA:61,3
LF:21
LH:21
end_of_record
SF:lib/features/cat_breeds/data/models/picture_model.dart
DA:4,3
DA:6,3
DA:7,3
DA:8,3
DA:9,3
LF:5
LH:5
end_of_record
SF:lib/features/cat_breeds/data/models/weight_model.dart
DA:2,3
DA:7,3
DA:8,3
DA:9,3
DA:10,3
LF:5
LH:5
end_of_record
SF:lib/features/cat_breeds/data/repositories/cat_repository_impl.dart
DA:10,1
DA:12,1
DA:15,2
DA:17,3
DA:18,1
DA:19,1
DA:21,3
DA:25,1
DA:28,2
DA:30,3
DA:31,1
DA:32,1
DA:34,3
LF:13
LH:13
end_of_record
SF:lib/features/cat_breeds/domain/entities/cat_breed_entity.dart
DA:22,1
LF:1
LH:1
end_of_record
SF:lib/features/cat_breeds/domain/entities/dto/picture_dto.dart
DA:5,3
LF:1
LH:1
end_of_record
SF:lib/features/cat_breeds/domain/entities/dto/weight_dto.dart
DA:5,1
LF:1
LH:1
end_of_record
SF:lib/features/cat_breeds/domain/usecases/get_all_cat_breeds.dart
DA:9,0
DA:11,0
DA:13,0
LF:3
LH:0
end_of_record
SF:lib/features/cat_breeds/domain/usecases/search_cat_breeds.dart
DA:6,0
DA:7,0
DA:9,0
LF:3
LH:0
end_of_record
